2018-12-15 14:15:43,224 INFO  [Log] **************************************************************************************** 
2018-12-15 14:15:43,225 INFO  [Log] **************************************************************************************** 
2018-12-15 14:15:43,225 INFO  [Log] $$$$$$$$$$$$$$$$$$$$$                 Start Purchase a product test case       $$$$$$$$$$$$$$$$$$$$$$$$$ 
2018-12-15 14:15:43,225 INFO  [Log] **************************************************************************************** 
2018-12-15 14:15:43,225 INFO  [Log] **************************************************************************************** 
2018-12-15 14:15:43,228 INFO  [Log] Select Locale selection started 
2018-12-15 14:15:44,106 INFO  [Log] Hamburger Menu clicked 
2018-12-15 14:15:45,367 INFO  [Log] Setting in Menu clicked 
2018-12-15 14:15:46,416 INFO  [Log] Country tab is clicked from settings 
2018-12-15 14:15:46,470 INFO  [Log] Click Auto detect 
2018-12-15 14:15:48,401 INFO  [Log] Goto country filter 
2018-12-15 14:15:50,196 INFO  [Log] Goto country filter 
2018-12-15 14:27:52,941 INFO  [Log] **************************************************************************************** 
2018-12-15 14:27:52,941 INFO  [Log] **************************************************************************************** 
2018-12-15 14:27:52,941 INFO  [Log] $$$$$$$$$$$$$$$$$$$$$                 Start Purchase a product test case       $$$$$$$$$$$$$$$$$$$$$$$$$ 
2018-12-15 14:27:52,941 INFO  [Log] **************************************************************************************** 
2018-12-15 14:27:52,941 INFO  [Log] **************************************************************************************** 
2018-12-15 14:27:52,945 INFO  [Log] Select Locale selection started 
2018-12-15 14:27:53,820 INFO  [Log] Hamburger Menu clicked 
2018-12-15 14:27:55,051 INFO  [Log] Setting in Menu clicked 
2018-12-15 14:27:56,051 INFO  [Log] Country tab is clicked from settings 
2018-12-15 14:27:56,112 INFO  [Log] Click Auto detect 
2018-12-15 14:27:58,086 INFO  [Log] Goto country filter 
2018-12-15 14:32:56,261 INFO  [Log] **************************************************************************************** 
2018-12-15 14:32:56,261 INFO  [Log] **************************************************************************************** 
2018-12-15 14:32:56,261 INFO  [Log] $$$$$$$$$$$$$$$$$$$$$                 Start Purchase a product test case       $$$$$$$$$$$$$$$$$$$$$$$$$ 
2018-12-15 14:32:56,261 INFO  [Log] **************************************************************************************** 
2018-12-15 14:32:56,261 INFO  [Log] **************************************************************************************** 
2018-12-15 14:32:56,265 INFO  [Log] Select Locale selection started 
2018-12-15 14:32:57,138 INFO  [Log] Hamburger Menu clicked 
2018-12-15 14:32:58,527 INFO  [Log] Setting in Menu clicked 
2018-12-15 14:32:59,361 INFO  [Log] Country tab is clicked from settings 
2018-12-15 14:32:59,415 INFO  [Log] Click Auto detect 
2018-12-15 14:33:01,357 INFO  [Log] Goto country filter 
2018-12-15 14:34:04,412 ERROR [Log] ----- Failed screen capture in Report ----  
